ITEM: TIMESTEP
0
ITEM: NUMBER OF ATOMS
215
ITEM: BOX BOUNDS xy xz yz pp pp pp
0.0000000000000000e+00 3.0674292167872000e+01 7.6685730419680000e+00
0.0000000000000000e+00 1.7709810840323001e+01 7.6685730419680000e+00
0.0000000000000000e+00 1.2522727338723000e+01 4.4274527100809999e+00
ITEM: ATOMS id type xsu ysu zsu fx fy fz vx vy vz
1 1                    0                    0                    0  1.0305645226083e-12 -4.76119144110498e-12 -4.40877889751334e-12                    0                    0                    0
2 1                  0.5    0.666666666666629    0.833333333333258  -0.0017197051130968 -0.000822316619705939 -0.00763040891080386                    0                    0                    0
3 1    0.500000000000114    0.833333333333258                    0 -0.000147705475072607 -0.00656052963607453   0.0043352467570358                    0                    0                    0
4 1                  0.5    0.833333333333258    0.166666666666742 3.00980941558837e-12   0.0242612784317758  -0.0343106290023635                    0                    0                    0
5 1                  0.5    0.833333333333258    0.333333333333371   -0.011793184263163  -0.0169986232334206   0.0132317418510864                    0                    0                    0
6 1    0.500000000000114    0.833333333333371                  0.5   0.0210108834462781   0.0363919176438327 3.18888253476868e-12                    0                    0                    0
7 1                  0.5    0.833333333333258    0.666666666666629 -0.00171970511315175 -0.00746812405384357  0.00176818208816958                    0                    0                    0
8 1                  0.5    0.833333333333371    0.833333333333258 -3.95053053090962e-05 2.28083957975345e-05 1.61279761839959e-05                    0                    0                    0
9 1    0.666666666666629                    0                    0  0.00147816373646403 -3.39822614492391e-12 -3.46339623646941e-12                    0                    0                    0
10 1    0.666666666666742                    0    0.166666666666629 -0.00118781275116497 0.000890343027161344 0.000412599998645929                    0                    0                    0
11 1    0.666666666666742                    0    0.333333333333371 0.000739081864940316 -0.000426709117576529 -0.00120691563898656                    0                    0                    0
12 1    0.666666666666742                    0                  0.5  0.00575543806285879  0.00513809255536896   0.0015269800694733                    0                    0                    0
13 1    0.666666666666629                    0    0.666666666666629 3.27121663090679e-12  0.00426484222691186 -0.00150784943511677                    0                    0                    0
14 1    0.666666666666742                    0    0.833333333333258  0.00014770547128623   0.0019004666292054 -0.00763040891135108                    0                    0                    0
15 1    0.666666666666629    0.166666666666629                    0 -0.00118781275134439 0.000685784016050156 0.000701890118353851                    0                    0                    0
16 1    0.666666666666742    0.166666666666742    0.166666666666629 -0.00136496605471459 0.000583504504902049 0.000412599997012875                    0                    0                    0
17 1    0.666666666666742    0.166666666666629    0.333333333333371   0.0011582259910957  -0.0132122852972726  -0.0107610278787501                    0                    0                    0
18 1    0.666666666666629    0.166666666666742                  0.5 3.44427264487024e-12   0.0238074213416083  0.00602644741008208                    0                    0                    0
19 1    0.666666666666742    0.166666666666629    0.666666666666629  -0.0117931842637404   0.0169986232358248  -0.0132317418564461                    0                    0                    0
20 1    0.666666666666742    0.166666666666629    0.833333333333258   0.0131795136981835 -0.00627179160005048  0.00886965275039997                    0                    0                    0
21 1    0.666666666666629    0.333333333333371                    0 0.000739081864806146 -0.00128012734743446 -3.69990149629018e-12                    0                    0                    0
22 1    0.666666666666742    0.333333333333371    0.166666666666629    0.001158225991033  -0.0145496894772271 -0.00886965274291215                    0                    0                    0
23 1    0.666666666666742    0.333333333333258    0.333333333333371 3.37602168443141e-12   0.0549598762318119   0.0388625011704638                    0                    0                    0
24 1    0.666666666666742    0.333333333333371                  0.5  -0.0862046113213794    0.149310766654843 2.73914224635519e-12                    0                    0                    0
25 1                  0.5    0.666666666666629    0.666666666666629 -0.00882464742321386   -0.018712508781802  -0.0132317418570391                    0                    0                    0
26 1    0.666666666666742    0.333333333333258    0.666666666666629  -0.0475966490061654   0.0274799381169895  -0.0388625011768466                    0                    0                    0
27 1    0.500000000000114    0.666666666666629                  0.5  -0.0862046113214201   -0.149310766651726 3.87121183633571e-12                    0                    0                    0
28 1                  0.5    0.666666666666742    0.166666666666629   0.0117931842600019 -0.00680879811302122    0.020437036301986                    0                    0                    0
29 1                  0.5                    0    0.166666666666629 0.000147705468904231 -0.00190046662706927  0.00763040891923287                    0                    0                    0
30 1                  0.5                    0    0.333333333333371 -0.00560773259073472 -0.00522337034923994  -0.0017681820951012                    0                    0                    0
31 1                  0.5                    0                  0.5 2.18096721238403e-12 3.79343171458268e-12  4.8155143067552e-12                    0                    0                    0
32 1                  0.5                    0    0.666666666666629  0.00560773259253175  0.00522337034338441  0.00176818208643032                    0                    0                    0
33 1    0.500000000000114                    0    0.833333333333258    -0.00014770547574  0.00190046662946621 -0.00763040891077128                    0                    0                    0
34 1                  0.5    0.166666666666629                    0 0.000147705469049614  0.00656052964219631 -0.00433524676427075                    0                    0                    0
35 1                  0.5    0.166666666666742    0.166666666666629 3.95053087605991e-05 -2.28084014751574e-05 -1.61279708521551e-05                    0                    0                    0
36 1                  0.5    0.166666666666629    0.333333333333371  0.00171970511808225  0.00746812405794928 -0.00176818209353609                    0                    0                    0
37 1                  0.5    0.166666666666742                  0.5  -0.0210108834514538  -0.0363919176502566 3.79750061691581e-12                    0                    0                    0
38 1                  0.5    0.166666666666629    0.666666666666629   0.0117931842599036   0.0169986232359407  -0.0132317418560875                    0                    0                    0
39 1                  0.5    0.166666666666629    0.833333333333258 2.81603733387481e-12  -0.0242612784271685   0.0343106290022969                    0                    0                    0
40 1                  0.5    0.333333333333371                    0 -0.00560773259078495  -0.0034081815145003 -0.00433524676354038                    0                    0                    0
41 1                  0.5    0.333333333333371    0.166666666666629  0.00171970511801019 0.000822316623861738  0.00763040891891822                    0                    0                    0
42 1                  0.5    0.333333333333258    0.333333333333371  0.00882464741800632    0.018712508785301   0.0132317418487983                    0                    0                    0
43 1    0.500000000000114    0.333333333333371                  0.5   0.0862046113180471     0.14931076665602 2.90671024576195e-12                    0                    0                    0
44 1                  0.5    0.333333333333258    0.666666666666629 3.14004811735602e-12   0.0995405111057343   -0.140771540809772                    0                    0                    0
45 1                  0.5    0.333333333333371    0.833333333333258  -0.0117931842642736  0.00680879810630131  -0.0204370362958376                    0                    0                    0
46 1                  0.5                  0.5                    0 2.17281140996173e-12 -3.34694511688882e-13 -2.84247408596783e-12                    0                    0                    0
47 1                  0.5                  0.5    0.166666666666629  -0.0210108834517338  -0.0121306392125239  -0.0343106289935038                    0                    0                    0
48 1                  0.5                  0.5    0.333333333333371   0.0862046113184686   0.0497702555492278    0.140771540804911                    0                    0                    0
49 1                  0.5                  0.5    0.666666666666629  -0.0862046113207099    -0.04977025555465   -0.140771540810392                    0                    0                    0
50 1    0.500000000000114                  0.5    0.833333333333258   0.0210108834463023   0.0121306392165266   0.0343106290016894                    0                    0                    0
51 1                  0.5    0.666666666666629                    0  0.00560773259222621  0.00340818151121351  0.00433524675633065                    0                    0                    0
52 1                  0.5    0.666666666666629    0.333333333333371 3.48752103584982e-12  -0.0995405111051291    0.140771540806217                    0                    0                    0
53 1                  0.5                    0                    0 8.13194997451028e-13 -3.24848741656281e-12 -1.73738454178896e-12                    0                    0                    0
54 1    0.666666666666629    0.333333333333371    0.833333333333258   0.0120212877100707 -0.00827789787553583  0.00886965275128055                    0                    0                    0
55 1    0.666666666666742                  0.5    0.166666666666629 3.45043438265691e-12   0.0136175962213939   0.0204370363030228                    0                    0                    0
56 1    0.833333333333371    0.166666666666629    0.833333333333258 -0.00343740580739214  0.00198458717240246 -0.00280663008383847                    0                    0                    0
57 1    0.833333333333371    0.333333333333371                    0  1.8973780879783e-12  0.00137156802234946 -0.000701890124665303                    0                    0                    0
58 1    0.833333333333371    0.333333333333371    0.166666666666629 -0.00115822599525447  -0.0145496894761656 -0.00886965274241946                    0                    0                    0
59 1    0.833333333333371    0.333333333333258    0.333333333333371 -0.00882464742324091   0.0187125087844751   0.0132317418500247                    0                    0                    0
60 1    0.833333333333371    0.333333333333371                  0.5  -0.0206178316819057    0.011903710672056 -0.00602644740363824                    0                    0                    0
61 1    0.833333333333371    0.333333333333258    0.666666666666629   0.0108630617115198 -0.00760919577957259   0.0107610278738327                    0                    0                    0
62 1    0.833333333333371    0.333333333333371    0.833333333333258 0.000177153296055055  0.00147384752863647 -0.000412599990457341                    0                    0                    0
63 1    0.833333333333371                  0.5                    0 -0.00575543806630846  0.00315234812963716  0.00433524675820768                    0                    0                    0
64 1    0.833333333333371                  0.5    0.166666666666742   0.0210108834464592  -0.0121306392126926  -0.0343106290005425                    0                    0                    0
65 1    0.833333333333371                  0.5    0.333333333333371  -0.0206178316809883 -0.00171388554870666   0.0132317418487587                    0                    0                    0
66 1    0.833333333333371                  0.5                  0.5    0.042021766898752 1.20603527165031e-12 5.33939559232977e-12                    0                    0                    0
67 1    0.833333333333371                  0.5    0.666666666666629 -0.00732743771418448  0.00224475370773053  0.00176818208732488                    0                    0                    0
68 1    0.833333333333371                  0.5    0.833333333333258  1.7187362644222e-12 -4.56167965220966e-05 1.61279771847961e-05                    0                    0                    0
69 1    0.833333333333371    0.666666666666629                    0 -0.00560773259784739  0.00340818151011492  0.00433524675738919                    0                    0                    0
70 1    0.833333333333371    0.666666666666742    0.166666666666629   0.0120212877087897  0.00827789786955221 -0.00886965274349513                    0                    0                    0
71 1    0.833333333333371    0.666666666666629    0.333333333333371   0.0108630617115728  0.00760919578370933    -0.01076102787789                    0                    0                    0
72 1    0.833333333333371    0.666666666666629                  0.5 -0.00732743771405259  0.00241530930309586   0.0015269800685983                    0                    0                    0
73 1    0.833333333333371    0.666666666666629    0.666666666666629 1.64554481152379e-12  0.00189498185814646  0.00133995451765731                    0                    0                    0
74 1    0.833333333333371    0.666666666666629    0.833333333333258 -0.00164110242931279 0.000947490933989298 -0.00133995451738717                    0                    0                    0
75 1    0.833333333333371    0.833333333333258                    0 -0.00118781275145824 -0.000685784008650214 -0.000701890123358279                    0                    0                    0
76 1    0.833333333333371    0.833333333333258    0.166666666666742 -0.00343740580739157 -0.00198458716697938  0.00280663008483698                    0                    0                    0
77 1    0.833333333333371    0.833333333333258    0.333333333333371 0.000177153296826549 0.000102279508660125  0.00152709010783925                    0                    0                    0
78 1    0.833333333333371    0.833333333333371                  0.5 1.62493629662919e-12 -2.93909341309018e-12 -4.83839170862671e-05                    0                    0                    0
79 1    0.833333333333371    0.166666666666629    0.666666666666629   0.0120212877085832 -0.00560308951406127   0.0107610278719888                    0                    0                    0
80 1    0.666666666666742                  0.5                    0  0.00575543806267517  0.00315234812808869  0.00433524675632038                    0                    0                    0
81 1    0.833333333333371    0.166666666666742                  0.5   0.0210108834460427  -0.0363919176502114 3.79080100643137e-12                    0                    0                    0
82 1    0.833333333333371    0.166666666666742    0.166666666666629 1.69213254519462e-12  0.00396917433274732  0.00280663009119381                    0                    0                    0
83 1    0.666666666666742                  0.5    0.333333333333371  -0.0862046113224784    0.049770255549302    0.140771540805168                    0                    0                    0
84 1    0.666666666666742                  0.5                  0.5   -0.172409222645172 2.30079844065756e-13 4.56301663120939e-12                    0                    0                    0
85 1    0.666666666666629                  0.5    0.666666666666629  -0.0206178316799671  0.00171388554269302   -0.013231741855792                    0                    0                    0
86 1    0.666666666666742                  0.5    0.833333333333258 -0.00157199964425314 -0.00107815000494835 -0.00763040891147262                    0                    0                    0
87 1    0.666666666666629    0.666666666666629                    0 3.55879214986032e-12 6.00908212078366e-14  0.00452354828846904                    0                    0                    0
88 1    0.666666666666742    0.666666666666742    0.166666666666629  -0.0117931842635445  -0.0068087981128611   0.0204370363019208                    0                    0                    0
89 1    0.666666666666742    0.666666666666629    0.333333333333371  -0.0475966490060956  -0.0274799381142243   0.0388625011703288                    0                    0                    0
90 1    0.666666666666742    0.666666666666629                  0.5  -0.0206178316801991  -0.0119037106685591   0.0060264474102772                    0                    0                    0
91 1    0.666666666666742    0.666666666666629    0.666666666666629 -0.00369346171450213 -0.00213242111497625 -0.00150784943511631                    0                    0                    0
92 1    0.666666666666742    0.666666666666629    0.833333333333258  0.00164110242522189  0.00094749093302357 -0.00133995451831161                    0                    0                    0
93 1    0.666666666666742    0.833333333333258                    0 0.000147705470909198  -0.0065605296368911  0.00433524675732688                    0                    0                    0
94 1    0.666666666666742    0.833333333333371    0.166666666666629   0.0131795136985298  0.00627179160352404 -0.00886965274415555                    0                    0                    0
95 1    0.666666666666742    0.833333333333258    0.333333333333371   0.0120212877094387   0.0056030895183624  -0.0107610278774424                    0                    0                    0
96 1    0.666666666666742    0.833333333333371                  0.5 -0.00157199964413485 -0.00755340185450423  0.00152698006783739                    0                    0                    0
97 1    0.666666666666742    0.833333333333258    0.666666666666629   0.0016411024252736 -0.000947490925936906  0.00133995451963831                    0                    0                    0
98 1    0.666666666666742    0.833333333333371    0.833333333333258 3.30518945546032e-12  -0.0018949818612404  -0.0013399545192502                    0                    0                    0
99 1    0.833333333333371                    0                    0 -0.00147235522097566 -3.30296900941107e-12 -1.48900336505164e-12                    0                    0                    0
100 1    0.833333333333371                    0    0.166666666666629 -0.000736177612777555 0.000425032343804255  0.00120217300621624                    0                    0                    0
101 1    0.833333333333371                    0    0.333333333333371 1.63077884529628e-12 -0.000204559013247035   0.0015270901048946                    0                    0                    0
102 1    0.833333333333371                    0                  0.5 -0.00575543806727902  0.00513809255652026  0.00152698007024665                    0                    0                    0
103 1    0.833333333333371                    0    0.666666666666629  -0.0056077325979666  0.00522337034325454  0.00176818208603866                    0                    0                    0
104 1    0.833333333333371                    0    0.833333333333258 -0.00118781275223279 -0.000890343022957818 -0.000412599988994733                    0                    0                    0
105 1    0.833333333333371    0.166666666666629                    0 -0.000736177612809807  0.00127509702531879 -3.55213081171257e-12                    0                    0                    0
106 1    0.833333333333371    0.166666666666629    0.333333333333371  -0.0011582259954729  -0.0132122852963009   -0.010761027878008                    0                    0                    0
107 1    0.833333333333371    0.833333333333258    0.666666666666629 -0.00164110242951071 -0.000947490924954608  0.00133995452048496                    0                    0                    0
108 1    0.333333333333371    0.833333333333371    0.833333333333258   0.0013649660496672 -0.000583504510585642 -0.00041259999126492                    0                    0                    0
109 1    0.333333333333371    0.833333333333371                  0.5 2.99168675943484e-12   -0.023807421347029 -0.00602644740298633                    0                    0                    0
110 1                    0    0.666666666666629    0.666666666666629   0.0036934617181697 -0.00213242111510359 -0.00150784943509152                    0                    0                    0
111 1                    0    0.666666666666629    0.833333333333258  0.00171970511873021 -0.000822316621155617 -0.00763040891229394                    0                    0                    0
112 1                    0    0.833333333333258                    0 -0.000736177606218025 -0.00127509701906381 -2.68057798180621e-12                    0                    0                    0
113 1                    0    0.833333333333371    0.166666666666629 8.01914090686751e-13 -0.000850064682951124  0.00120217300355643                    0                    0                    0
114 1                    0    0.833333333333258    0.333333333333371 -0.000177153300896737 0.000102279508111813  0.00152709010667551                    0                    0                    0
115 1                    0    0.833333333333371                  0.5  0.00157199964785099 -0.00755340185473502  0.00152698006757426                    0                    0                    0
116 1                    0    0.833333333333258    0.666666666666629  0.00171970511890063 -0.00746812405591502  0.00176818208737273                    0                    0                    0
117 1                    0    0.833333333333371    0.833333333333258 -0.00136496605347641 -0.000583504512230215 -0.000412599992194798                    0                    0                    0
118 1    0.166666666666629                    0                    0  0.00147235522203665 -3.63409302650552e-12 -3.78469477979593e-12                    0                    0                    0
119 1    0.166666666666742                    0    0.166666666666629  0.00118781275334864 0.000890343026329732 0.000412599998762864                    0                    0                    0
120 1    0.166666666666742                    0    0.333333333333371  0.00560773259107882 -0.00522337035033538  -0.0017681820955403                    0                    0                    0
121 1    0.166666666666629                    0                  0.5  0.00575543807010648 -0.00513809254957931 -0.00152698006000444                    0                    0                    0
122 1    0.166666666666629                    0    0.666666666666629 5.50962053758042e-13 0.000204559007745381 -0.00152709011413095                    0                    0                    0
123 1    0.166666666666742                    0    0.833333333333258 0.000736177606443844 -0.000425032341635767 -0.00120217299690845                    0                    0                    0
124 1    0.166666666666629    0.166666666666629                    0  0.00118781275326978 0.000685784015878488 0.000701890117318082                    0                    0                    0
125 1    0.166666666666742    0.166666666666742    0.166666666666629 -3.95053088329475e-05 -2.28084015786445e-05 -1.61279708881246e-05                    0                    0                    0
126 1    0.166666666666629    0.166666666666629    0.333333333333371  0.00164110243228965 0.000947490929322004 -0.00133995452502012                    0                    0                    0
127 1    0.166666666666629    0.166666666666742                  0.5 8.40300051763165e-14 -3.57558427310778e-12 4.83839236887773e-05                    0                    0                    0
128 1    0.166666666666742    0.166666666666629    0.666666666666629 -0.00017715330274562 -0.000102279505348524 -0.00152709011325475                    0                    0                    0
129 1    0.166666666666742    0.166666666666629    0.833333333333258  0.00343740581026514  0.00198458717135383 -0.00280663008452678                    0                    0                    0
130 1    0.166666666666629    0.333333333333371                    0  0.00560773259102149 -0.00340818151474609 -0.00433524676444785                    0                    0                    0
131 1    0.166666666666629    0.333333333333371    0.166666666666629  0.00164110243204529 -0.000947490928789707  0.00133995452536986                    0                    0                    0
132 1    0.166666666666742    0.333333333333258    0.333333333333371 -1.19113052754471e-13 -0.00189498185423337 -0.00133995452581073                    0                    0                    0
133 1 1.13686837721616e-13    0.666666666666629                  0.5  0.00732743770921654  0.00241530930291767  0.00152698006830776                    0                    0                    0
134 1    0.166666666666742    0.333333333333371                  0.5  0.00732743770715964 -0.00241530929972922 -0.00152698006216441                    0                    0                    0
135 1                    0    0.666666666666629    0.333333333333371 9.91873250200115e-13 0.000853418228259739 -0.00120691563900166                    0                    0                    0
136 1                    0    0.666666666666629                    0 0.000739081865631153  0.00128012734348827 -4.34996483278383e-12                    0                    0                    0
137 1                    0                    0    0.166666666666629 0.000736177607811972 0.000425032343789988  0.00120217300618147                    0                    0                    0
138 1                    0                    0    0.333333333333371 -0.000739081863013857 -0.000426709117853197 -0.00120691563930397                    0                    0                    0
139 1                    0                    0                  0.5 7.14095449438901e-13 1.78912440418344e-12 3.96860322382508e-12                    0                    0                    0
140 1                    0                    0    0.666666666666629  0.00073908186539115 0.000426709110481371  0.00120691562972192                    0                    0                    0
141 1                    0                    0    0.833333333333258 -0.000736177605335286 -0.000425032340892417 -0.00120217299692832                    0                    0                    0
142 1                    0    0.166666666666629                    0 0.000736177607888577  0.00127509702533213 -3.79318798593431e-12                    0                    0                    0
143 1                    0    0.166666666666742    0.166666666666629  0.00136496605668246 0.000583504504823945 0.000412599996873847                    0                    0                    0
144 1                    0    0.166666666666629    0.333333333333371 -0.00171970511552333  0.00746812405671782 -0.00176818209465046                    0                    0                    0
145 1                    0    0.166666666666742                  0.5  -0.0015719996455977  0.00755340184821784 -0.00152698006109631                    0                    0                    0
146 1                    0    0.166666666666629    0.666666666666629 0.000177153303118904 -0.000102279505140912 -0.00152709011344745                    0                    0                    0
147 1                    0    0.166666666666629    0.833333333333258 1.14142029161712e-12 0.000850064684083801 -0.00120217299866693                    0                    0                    0
148 1 -5.6843418860808e-14    0.333333333333371                    0 -0.000739081862913486  -0.0012801273476869 -3.77770037474079e-12                    0                    0                    0
149 1                    0    0.333333333333371    0.166666666666629 -0.00171970511524255 0.000822316622574731  0.00763040891780919                    0                    0                    0
150 1                    0    0.333333333333258    0.333333333333371 -0.00369346171598375  0.00213242111880674  0.00150784942686966                    0                    0                    0
151 1                    0    0.333333333333371                  0.5 -0.00732743770702904 -0.00241530929976133 -0.00152698006224353                    0                    0                    0
152 1                    0    0.333333333333258    0.666666666666629 8.64641691578072e-13 -0.000853418227452274  0.00120691563097103                    0                    0                    0
153 1                    0    0.333333333333371    0.833333333333258 -0.000177153300747926  0.00147384752827767 -0.000412599990305684                    0                    0                    0
154 1                    0                  0.5                    0 3.56992213568219e-13 -1.50507384333309e-12 -3.18881032690399e-12                    0                    0                    0
155 1                    0                  0.5    0.166666666666629 -0.00157199964557168   0.0010781500087963  0.00763040891937729                    0                    0                    0
156 1                    0                  0.5    0.333333333333371 -0.00732743770698477  -0.0022447537145234 -0.00176818209557759                    0                    0                    0
157 1                    0                  0.5                  0.5 8.86957174373038e-13 -9.62674384652473e-13 3.71119801556574e-12                    0                    0                    0
158 1                    0                  0.5    0.666666666666629  0.00732743770924391  0.00224475370754873  0.00176818208722282                    0                    0                    0
159 1                    0                  0.5    0.833333333333258  0.00157199964789949 -0.00107815000518136 -0.00763040891145539                    0                    0                    0
160 1                    0    0.666666666666742    0.166666666666629 0.000177153303021566 -0.00147384753499879 0.000412599997422491                    0                    0                    0
161 1    0.333333333333371    0.833333333333258    0.666666666666629 -0.00115822599533045   0.0132122852996209   0.0107610278731829                    0                    0                    0
162 1    0.166666666666629    0.333333333333258    0.666666666666629  -0.0108630617084834 -0.00760919578042757   0.0107610278734243                    0                    0                    0
163 1    0.166666666666629                  0.5                    0  0.00575543806978943  -0.0031523481292749 -0.00433524676343588                    0                    0                    0
164 1    0.333333333333371    0.166666666666629    0.666666666666629  -0.0120212877051348 -0.00560308951407444   0.0107610278722919                    0                    0                    0
165 1    0.333333333333371    0.166666666666629    0.833333333333258  -0.0131795137041204 -0.00627179160038803  0.00886965274933271                    0                    0                    0
166 1    0.333333333333371    0.333333333333371                    0 2.35214625554647e-13 -3.18692988665603e-12 -0.00452354829527954                    0                    0                    0
167 1    0.333333333333371    0.333333333333371    0.166666666666629 -0.00164110243218771 -0.000947490928826414  0.00133995452552879                    0                    0                    0
168 1    0.333333333333371    0.333333333333258    0.333333333333371  0.00369346171795168   0.0021324211187221  0.00150784942702353                    0                    0                    0
169 1    0.333333333333371    0.333333333333371                  0.5   0.0206178316854158    0.011903710672262 -0.00602644740363958                    0                    0                    0
170 1    0.333333333333371    0.333333333333258    0.666666666666629   0.0475966490006823   0.0274799381171642  -0.0388625011766572                    0                    0                    0
171 1    0.333333333333371    0.333333333333371    0.833333333333258   0.0117931842598931  0.00680879810659617  -0.0204370362951846                    0                    0                    0
172 1    0.333333333333371                  0.5                    0 -0.00575543806969883 -0.00315234812945199 -0.00433524676425293                    0                    0                    0
173 1    0.333333333333371                  0.5    0.166666666666629  0.00157199964765889  0.00107815000887992  0.00763040891952626                    0                    0                    0
174 1    0.333333333333371                  0.5    0.333333333333371   0.0206178316851352 -0.00171388554898439   0.0132317418478438                    0                    0                    0
175 1    0.333333333333371                  0.5                  0.5     0.17240922264152 2.45095610473811e-13 4.82951179048285e-12                    0                    0                    0
176 1    0.333333333333371                  0.5    0.666666666666629   0.0862046113170785  -0.0497702555552568   -0.140771540811268                    0                    0                    0
177 1    0.333333333333371                  0.5    0.833333333333258 2.93978730248057e-12  -0.0136175962173377  -0.0204370362940288                    0                    0                    0
178 1    0.333333333333371    0.666666666666629                    0 -0.000739081863181459  0.00128012734407515 -3.5784639140779e-12                    0                    0                    0
179 1    0.333333333333371    0.666666666666742    0.166666666666629  -0.0120212877053795  0.00827789786964245 -0.00886965274340856                    0                    0                    0
180 1    0.333333333333371    0.666666666666629    0.333333333333371   0.0475966490004882  -0.0274799381144017   0.0388625011705473                    0                    0                    0
181 1    0.333333333333371    0.666666666666629                  0.5   0.0862046113181634   -0.149310766652791 3.87528203971144e-12                    0                    0                    0
182 1    0.333333333333371    0.666666666666629    0.666666666666629 3.39328912191128e-12  -0.0549598762279946  -0.0388625011784885                    0                    0                    0
183 1    0.333333333333371    0.666666666666629    0.833333333333258 -0.00115822599531767   0.0145496894806959   0.0088696527498082                    0                    0                    0
184 1    0.333333333333371    0.833333333333258                    0  0.00118781275542485 -0.000685784009346036 -0.00070189012420882                    0                    0                    0
185 1    0.333333333333371    0.833333333333371    0.166666666666629  -0.0131795137043716  0.00627179160298871 -0.00886965274418829                    0                    0                    0
186 1    0.333333333333371    0.833333333333258    0.333333333333371   0.0117931842591816   -0.016998623232332   0.0132317418509606                    0                    0                    0
187 1    0.333333333333371    0.166666666666742                  0.5  0.00157199964753224  0.00755340184800062 -0.00152698006093202                    0                    0                    0
188 1    0.166666666666742    0.333333333333371    0.833333333333258  -0.0120212877051613 -0.00827789787601763  0.00886965275041976                    0                    0                    0
189 1    0.333333333333371    0.166666666666629    0.333333333333371 -0.00164110243223806  0.00094749092929021 -0.00133995452483239                    0                    0                    0
190 1    0.333333333333371    0.166666666666629                    0 -0.000147705468747955  0.00656052964255137 -0.00433524676351159                    0                    0                    0
191 1    0.166666666666742                  0.5    0.166666666666629 -1.44391443246406e-13 4.56168003195589e-05 -1.61279692104943e-05                    0                    0                    0
192 1    0.166666666666742                  0.5    0.333333333333371  0.00732743770716683  -0.0022447537142771 -0.00176818209551377                    0                    0                    0
193 1    0.166666666666629                  0.5                  0.5  -0.0420217668955108 4.98656671510389e-13 4.56289173111912e-12                    0                    0                    0
194 1    0.166666666666629                  0.5    0.666666666666629   0.0206178316853829   0.0017138855423528   -0.013231741856101                    0                    0                    0
195 1    0.166666666666742                  0.5    0.833333333333258  -0.0210108834518627   0.0121306392158499   0.0343106290010027                    0                    0                    0
196 1    0.166666666666629    0.666666666666629                    0 3.58518770227079e-13 -0.00137156802578699 0.000701890118055076                    0                    0                    0
197 1    0.166666666666742    0.666666666666742    0.166666666666629 -0.000177153302864816 -0.00147384753488386 0.000412599997534874                    0                    0                    0
198 1    0.166666666666629    0.666666666666629    0.333333333333371  -0.0108630617088401  0.00760919578355451  -0.0107610278795932                    0                    0                    0
199 1    0.166666666666742    0.666666666666629                  0.5   0.0206178316852229  -0.0119037106690324  0.00602644741025021                    0                    0                    0
200 1    0.166666666666742    0.666666666666629    0.666666666666629  0.00882464741790788  -0.0187125087818278   -0.013231741856968                    0                    0                    0
201 1    0.166666666666742    0.666666666666629    0.833333333333258  0.00115822599141369   0.0145496894809205  0.00886965275051133                    0                    0                    0
202 1    0.166666666666742    0.833333333333258                    0 0.000736177606291688 -0.00127509701948181 -4.73179828652803e-12                    0                    0                    0
203 1    0.166666666666629    0.833333333333371    0.166666666666629  0.00343740581032059  -0.0019845871679528  0.00280663009098986                    0                    0                    0
204 1    0.166666666666742    0.833333333333258    0.333333333333371  -0.0120212877056892  0.00560308951722716  -0.0107610278787582                    0                    0                    0
205 1    0.166666666666742    0.833333333333371                  0.5  -0.0210108834518689    0.036391917642944 3.19119730640693e-12                    0                    0                    0
206 1    0.166666666666742    0.833333333333258    0.666666666666629  0.00115822599133719   0.0132122853003119   0.0107610278731918                    0                    0                    0
207 1    0.166666666666629    0.833333333333371    0.833333333333258 2.62456723021387e-12 -0.00396917433771091 -0.00280663008470228                    0                    0                    0
208 1    0.333333333333371                    0                    0 -0.00147816373611236 -4.6551928978289e-12 -4.42176850690146e-12                    0                    0                    0
209 1    0.333333333333371                    0    0.166666666666629 -0.000147705468833331 -0.00190046662635319  0.00763040891940341                    0                    0                    0
210 1    0.333333333333371                    0    0.333333333333371 2.65527183573866e-13  -0.0042648422319617  0.00150784942620923                    0                    0                    0
211 1    0.333333333333371                    0                  0.5  -0.0057554380694776  -0.0051380925501273 -0.00152698005995921                    0                    0                    0
212 1    0.333333333333258                    0    0.666666666666629 -0.000739081863043403 0.000426709111652664  0.00120691562998726                    0                    0                    0
213 1    0.333333333333371                    0    0.833333333333258  0.00118781275565346 -0.000890343022524824 -0.000412599989591686                    0                    0                    0
214 1    0.333333333333371    0.166666666666742    0.166666666666629 -6.17665640856302e-14  0.00189498185511289  0.00133995452467711                    0                    0                    0
215 1    0.833333333333371    0.833333333333371    0.833333333333258  3.9505301637377e-05 2.28083952177327e-05  1.6127976068453e-05                    0                    0                    0
ITEM: TIMESTEP
8
ITEM: NUMBER OF ATOMS
215
ITEM: BOX BOUNDS xy xz yz pp pp pp
0.0000000000000000e+00 3.0674292167872000e+01 7.6685730419680000e+00
0.0000000000000000e+00 1.7709810840323001e+01 7.6685730419680000e+00
0.0000000000000000e+00 1.2522727338723000e+01 4.4274527100809999e+00
ITEM: ATOMS id type xsu ysu zsu fx fy fz vx vy vz
1 1                    0                    0                    0 6.12287998080774e-14 -6.31716901011714e-14 -6.71906974503145e-13                    0                    0                    0
2 1    0.500000484736461    0.666650581813315    0.833160398831751 -6.00206391163614e-09 -5.55177982292272e-07 -3.12663265756912e-06                    0                    0                    0
3 1    0.500000484736461    0.833160398831751 0.000188534618587255  4.7779705811702e-07 -2.85355512109377e-06 1.30882483890616e-06                    0                    0                    0
4 1                  0.5    0.833245368927464    0.166754631072536 6.38282829368286e-13 1.03480048105429e-06 -1.46342820666169e-06                    0                    0                    0
5 1    0.500071738107067    0.832525698582799    0.333701281655067 2.09282654686522e-06 1.36384451702857e-06 -1.76378180985124e-06                    0                    0                    0
6 1                  0.5    0.833245368927464                  0.5 8.96162893978484e-07 1.55220005205537e-06 5.93418543470836e-13                    0                    0                    0
7 1    0.500000484736461    0.833160398831751    0.666650581813315 -6.00303582255594e-09 -3.13287719616909e-06 5.18783817050257e-07                    0                    0                    0
8 1    0.500026769821829     0.83332441005939     0.83332441005939 -4.66555824591569e-06 2.69366124002607e-06 1.90470676873777e-06                    0                    0                    0
9 1    0.666622409833622                    0                    0 -5.7896398589774e-06 -2.0122792321331e-13 2.99954505678102e-13                    0                    0                    0
10 1    0.666633883768895 2.99046248528612e-05    0.166668105803069 1.37519876663994e-06 -2.4619173683571e-06 2.82852186672677e-08                    0                    0                    0
11 1    0.666622409833622                    0    0.333377590166378 -2.89481961518456e-06 1.67132484701904e-06 4.72722091213185e-06                    0                    0                    0
12 1    0.666650581813315 0.000188534618587255    0.500000484736347 2.23235292864943e-06 1.84749339122992e-06 1.29902315713915e-06                    0                    0                    0
13 1    0.666538324142834 0.000385027571610408    0.666538324142721  3.0250801863474e-13 3.04333195855211e-06 -1.07598088421035e-06                    0                    0                    0
14 1    0.666650581813315 0.000188534618587255    0.833160398831751 -4.77796912534689e-07 2.82787035454923e-07 -3.12663241558431e-06                    0                    0                    0
15 1    0.666633883768895    0.166668105803069 2.99046248528612e-05  1.3751991741473e-06 -7.93971421692019e-07 -2.3305464158796e-06                    0                    0                    0
16 1    0.666633883768895    0.166668105803069    0.166668105803069 2.81968211807149e-06 4.00010822521057e-08 2.82850892430186e-08                    0                    0                    0
17 1    0.666773720906804    0.166705139620603    0.333226279093196 -3.84221196575441e-06 3.42509515888212e-07 4.94792055569238e-06                    0                    0                    0
18 1    0.666298718344933    0.167474301417087    0.499928261893047  8.6541884769531e-14 -2.5721384442623e-06 -1.65379042500746e-06                    0                    0                    0
19 1    0.666298718344933    0.167474301417087    0.666298718344933 2.09282659685561e-06 -1.36384422924629e-06  1.7637807166182e-06                    0                    0                    0
20 1    0.666773720906804    0.166705139620603    0.833294860379397 -6.05993955157813e-06 -9.37896171254726e-07  1.3263857712581e-06                    0                    0                    0
21 1    0.666622409833622    0.333377590166378                    0 -2.89481999066199e-06  5.0139748834499e-06 -4.4023118483949e-13                    0                    0                    0
22 1    0.666773720906804    0.333226279093196    0.166705139620603 -3.84221214126679e-06 4.77911400088848e-06 -1.32638546697372e-06                    0                    0                    0
23 1    0.666241819140055    0.333758180859945    0.333758180859945 2.93570723286507e-13 -1.44530507030505e-06 -1.0219852020002e-06                    0                    0                    0
24 1    0.664713451667012    0.335286548332988                  0.5 2.05327355756735e-06 -3.55637450494273e-06 3.27710081293731e-13                    0                    0                    0
25 1    0.499928261893047    0.666298718344933    0.666298718344933 1.34710888432046e-07  2.4943636304578e-06  1.7637806248561e-06                    0                    0                    0
26 1    0.666241819140055    0.333758180859945    0.666241819139941 1.25167085550382e-06 -7.22652460927176e-07 1.02198473693471e-06                    0                    0                    0
27 1                  0.5    0.664713451667012                  0.5 2.05327363060181e-06 3.55637434901841e-06 -3.92805362889326e-14                    0                    0                    0
28 1    0.499928261893047    0.666298718344933    0.167474301417087 -2.09282636789293e-06 1.20829369788106e-06 -1.8737716955871e-06                    0                    0                    0
29 1    0.499999515263653 -0.000188534618587255    0.166839601168249 -4.77796856719094e-07 -2.82787563699472e-07 3.12663274798725e-06                    0                    0                    0
30 1    0.499999515263653 -0.000188534618587255    0.333349418186685 -2.7101499016787e-06 -1.57163725509777e-06 -5.18784560439318e-07                    0                    0                    0
31 1                  0.5                    0                  0.5 1.79565563807049e-13 1.61112442831346e-13 1.27772792346548e-13                    0                    0                    0
32 1    0.500000484736461 0.000188534618587255    0.666650581813315 2.71014977442675e-06 1.57163714662508e-06 5.18783699098602e-07                    0                    0                    0
33 1    0.500000484736461 0.000188534618587255    0.833160398831751  4.7779691568061e-07 2.82787330717869e-07 -3.12663214778984e-06                    0                    0                    0
34 1    0.499999515263653    0.166839601168249 -0.000188534618587255 -4.77796921383514e-07 2.85355470190261e-06 -1.30882501063527e-06                    0                    0                    0
35 1    0.499973230178171     0.16667558994061     0.16667558994061 4.66555797565445e-06 -2.69366176964755e-06 -1.90470651699687e-06                    0                    0                    0
36 1    0.499999515263653    0.166839601168249    0.333349418186685 6.00300921384939e-09 3.13287710508852e-06 -5.1878394574309e-07                    0                    0                    0
37 1                  0.5    0.166754631072536                  0.5 -8.96163283034893e-07 -1.55220021373181e-06 1.57547260827562e-13                    0                    0                    0
38 1    0.499928261893047    0.167474301417087    0.666298718344933 -2.09282648295605e-06 -1.36384447669592e-06 1.76378065797869e-06                    0                    0                    0
39 1                  0.5    0.166754631072536    0.833245368927464 6.68484365085042e-14 -1.0348000684425e-06 1.46342850535419e-06                    0                    0                    0
40 1    0.499999515263653    0.333349418186685 -0.000188534618587255 -2.71014909016508e-06 -1.01299349320469e-06 -1.30882534078941e-06                    0                    0                    0
41 1    0.499999515263653    0.333349418186685    0.166839601168249 6.00265332491995e-09 5.55178006167271e-07 3.12663263868579e-06                    0                    0                    0
42 1    0.500071738107067    0.333701281655067    0.333701281655067 -1.34710552353659e-07 -2.49436367422726e-06 -1.76378135283975e-06                    0                    0                    0
43 1                  0.5    0.335286548332988                  0.5 -2.05327347473842e-06 -3.55637459219281e-06 3.00257540185311e-13                    0                    0                    0
44 1                  0.5    0.335286548332988    0.664713451667012 4.47592483909798e-13 -2.37091598478869e-06 3.35298161905197e-06                    0                    0                    0
45 1    0.500071738107067    0.333701281655067    0.832525698582799 2.09282676154159e-06 -1.20829417509958e-06 1.87377131247732e-06                    0                    0                    0
46 1                  0.5                  0.5                    0 2.25829771549613e-13 -2.32899637075956e-13 -1.45559345826607e-13                    0                    0                    0
47 1                  0.5                  0.5    0.166754631072536 -8.96162923564627e-07 -5.17400277503643e-07 -1.46342839137971e-06                    0                    0                    0
48 1                  0.5                  0.5    0.335286548332988 -2.05327316049522e-06 -1.18545787986197e-06 -3.35298219589436e-06                    0                    0                    0
49 1                  0.5                  0.5    0.664713451667012 2.05327384297967e-06 1.18545737952348e-06 3.35298179223223e-06                    0                    0                    0
50 1                  0.5                  0.5    0.833245368927464 8.96163249088956e-07 5.17399722767698e-07 1.46342836816749e-06                    0                    0                    0
51 1    0.500000484736461    0.666650581813315 0.000188534618587255 2.71015027599082e-06 1.01299309590347e-06  1.3088247484322e-06                    0                    0                    0
52 1                  0.5    0.664713451667012    0.335286548332988 -2.62779381587919e-13 2.37091625585224e-06 -3.35298184314572e-06                    0                    0                    0
53 1                  0.5                    0                    0 1.65020774822722e-13 4.47697434680094e-14 6.25207351168111e-14                    0                    0                    0
54 1    0.666773720906804    0.333226279093196    0.833294860379397 -2.21772751285432e-06 5.71700982626711e-06   1.326385872219e-06                    0                    0                    0
55 1    0.666298718344933    0.499928261893047    0.167474301417087 4.15778522722121e-14 -2.4165880417315e-06 -1.87377140889455e-06                    0                    0                    0
56 1     0.83336677516445     0.16663322483555    0.833366775164336 4.80468556385283e-07 -2.7739860994358e-07 3.92301301888054e-07                    0                    0                    0
57 1    0.833331894196931    0.333366116231105 -2.99046249097046e-05 -2.7421814818851e-13 -1.58794316476585e-06 2.33054539472421e-06                    0                    0                    0
58 1    0.833294860379397    0.333226279093196    0.166705139620603 3.84221202406887e-06  4.7791140814768e-06 -1.32638505295768e-06                    0                    0                    0
59 1    0.832525698582913    0.333701281655067    0.333701281655067 1.34710169186203e-07 -2.49436337795839e-06 -1.76378152322298e-06                    0                    0                    0
60 1    0.832525698582913    0.333701281655067    0.500071738106953 2.22753722177449e-06 -1.28606915347773e-06 1.65379111338737e-06                    0                    0                    0
61 1    0.833294860379397    0.333226279093196    0.666773720906804 1.62448407092786e-06 3.49870780003148e-06 -4.94792048594261e-06                    0                    0                    0
62 1    0.833331894196931    0.333366116231105    0.833331894196817 -1.44448364203242e-06 -2.42191578378459e-06 -2.82848010291215e-08                    0                    0                    0
63 1    0.833160398831865    0.500000484736347 0.000188534618587255 -2.23235290847112e-06 1.84056223409557e-06 1.30882508969643e-06                    0                    0                    0
64 1    0.833245368927464                  0.5    0.166754631072536 8.96162752339613e-07  -5.174004260311e-07 -1.4634279439929e-06                    0                    0                    0
65 1    0.832525698582913    0.500071738106953    0.333701281655067 2.22753697499967e-06 1.13051906341921e-06 -1.76378095234631e-06                    0                    0                    0
66 1    0.833245368927464                  0.5                  0.5 1.79232600686086e-06 1.13520304267922e-13 3.21326298902136e-13                    0                    0                    0
67 1    0.833160398831865    0.500000484736347    0.666650581813315 -2.71615245694967e-06 1.56123999495161e-06 5.18784102149228e-07                    0                    0                    0
68 1     0.83332441005939    0.500026769821829     0.83332441005939 -1.17295062551648e-13 -5.38732246641027e-06 1.90470621898309e-06                    0                    0                    0
69 1    0.833160398831865    0.666650581813315 0.000188534618587255 -2.71014988315055e-06 1.01299363232388e-06 1.30882456300663e-06                    0                    0                    0
70 1    0.833294860379397    0.666773720906804    0.166705139620603  -2.217727994136e-06 -5.7170096973147e-06 -1.32638551672559e-06                    0                    0                    0
71 1    0.833294860379397    0.666773720906804    0.333226279093196 1.62448415075289e-06 -3.49870766513938e-06 4.94792047378567e-06                    0                    0                    0
72 1    0.833160398831865    0.666650581813315    0.500000484736347 -2.71615275132531e-06 1.00952764259254e-06 1.29902309267682e-06                    0                    0                    0
73 1    0.833356056383309    0.666643943616691    0.666643943616691 1.81799020282369e-13 1.41936945874388e-06 1.00364598185076e-06                    0                    0                    0
74 1    0.833356056383309    0.666643943616691    0.833356056383309 -1.2292101228828e-06 7.09684971442193e-07 -1.00364556629429e-06                    0                    0                    0
75 1    0.833331894196931    0.833331894196817 -2.99046249097046e-05   1.375198358744e-06  7.9397143065707e-07 2.33054559711787e-06                    0                    0                    0
76 1     0.83336677516445    0.833366775164336     0.16663322483555 4.80468452995764e-07 2.77399010373269e-07 -3.92300471704909e-07                    0                    0                    0
77 1    0.833331894196931    0.833331894196817    0.333366116231105 -1.44448367267458e-06 -8.33972703423447e-07 -2.27397596239132e-06                    0                    0                    0
78 1     0.83332441005939     0.83332441005939    0.500026769821829 1.35808031487272e-13 1.81910042584832e-13 -5.71411830803392e-06                    0                    0                    0
79 1    0.833294860379397    0.166705139620603    0.666773720906804 -2.21772765604533e-06 -3.15619821941726e-06 -4.94792042382564e-06                    0                    0                    0
80 1    0.666650581813315    0.500000484736347 0.000188534618587255 2.23235276614053e-06  1.8405621131784e-06 1.30882491275464e-06                    0                    0                    0
81 1    0.833245368927464    0.166754631072536                  0.5 8.96162869745698e-07 -1.55220005160217e-06 2.24154028671819e-13                    0                    0                    0
82 1     0.83336677516445    0.166633224835664     0.16663322483555 -7.18869408444789e-15 -5.54797814467101e-07 -3.92300950252666e-07                    0                    0                    0
83 1    0.664713451667012                  0.5    0.335286548332988 2.05327318864024e-06 -1.18545853913798e-06 -3.3529822791728e-06                    0                    0                    0
84 1    0.664713451667012                  0.5                  0.5 4.10654746965666e-06 1.11508025035789e-13 6.23182061509908e-13                    0                    0                    0
85 1    0.666298718344933    0.499928261893047    0.666298718344933 2.22753724132829e-06 -1.13051908429834e-06 1.76378064065119e-06                    0                    0                    0
86 1    0.666650581813315    0.500000484736347    0.833160398831751 -4.83799464323642e-07     2.7239072245e-07 -3.12663252766132e-06                    0                    0                    0
87 1    0.666538324142834    0.666538324142721 0.000385027571610408 -1.04305453163533e-13 -9.90180160087561e-14 3.22794039551988e-06                    0                    0                    0
88 1    0.666298718344933    0.666298718344933    0.167474301417087 2.09282643123809e-06 1.20829401444034e-06 -1.87377176302794e-06                    0                    0                    0
89 1    0.666241819140055    0.666241819139941    0.333758180859945 1.25167097320134e-06 7.22652756482423e-07 -1.02198500444295e-06                    0                    0                    0
90 1    0.666298718344933    0.666298718344933    0.499928261893047 2.22753730511061e-06 1.28606891434957e-06 -1.65379035242663e-06                    0                    0                    0
91 1    0.666538324142834    0.666538324142721    0.666538324142721 -2.63560275004515e-06 -1.52166608474724e-06 -1.07598019383204e-06                    0                    0                    0
92 1    0.666643943616691    0.666643943616691    0.833356056383309 1.22920996672993e-06 7.09684485511453e-07 -1.00364548524801e-06                    0                    0                    0
93 1    0.666650581813315    0.833160398831751 0.000188534618587255 -4.77796763265204e-07 -2.85355516335684e-06 1.30882491525264e-06                    0                    0                    0
94 1    0.666773720906804    0.833294860379397    0.166705139620603 -6.05994015345779e-06 9.37896875857769e-07 -1.32638586555767e-06                    0                    0                    0
95 1    0.666773720906804    0.833294860379397    0.333226279093196 -2.21772765496286e-06 3.15619827090385e-06 4.94791990594823e-06                    0                    0                    0
96 1    0.666650581813315    0.833160398831751    0.500000484736347 -4.83799654560357e-07 -2.85702084162898e-06 1.29902315587627e-06                    0                    0                    0
97 1    0.666643943616691    0.833356056383309    0.666643943616691 1.22921033555989e-06 -7.09685036293095e-07 1.00364570687628e-06                    0                    0                    0
98 1    0.666643943616691    0.833356056383309    0.833356056383309 3.56659146660832e-13 -1.4193695596354e-06 -1.00364529221492e-06                    0                    0                    0
99 1    0.833308327425243                    0                    0  -1.662358363963e-06 2.72393219091782e-13 -3.87939680379645e-13                    0                    0                    0
100 1    0.833308327425243                    0    0.166691672574757 -8.31179396310056e-07 4.79881417547734e-07 1.35731025865948e-06                    0                    0                    0
101 1    0.833331894196931 -2.99046249097046e-05    0.333366116231105 -3.2625291357391e-13 1.66794556996641e-06 -2.27397568777765e-06                    0                    0                    0
102 1    0.833160398831865 0.000188534618587255    0.500000484736347 -2.23235312904468e-06  1.8474932909629e-06 1.29902350667899e-06                    0                    0                    0
103 1    0.833160398831865 0.000188534618587255    0.666650581813315 -2.7101499384119e-06 1.57163698444318e-06 5.18783997205396e-07                    0                    0                    0
104 1    0.833331894196931 -2.99046249097046e-05    0.833331894196817 1.37519899523486e-06 2.46191713904054e-06 -2.82849443034028e-08                    0                    0                    0
105 1    0.833308327425243    0.166691672574757                    0 -8.31179483018474e-07  1.4396445392334e-06  -4.640454687177e-13                    0                    0                    0
106 1    0.833294860379397    0.166705139620603    0.333226279093196 3.84221191231104e-06 3.42509746120712e-07  4.9479205095071e-06                    0                    0                    0
107 1    0.833356056383309    0.833356056383309    0.666643943616691 -1.22921016793009e-06 -7.09684810418221e-07 1.00364579511125e-06                    0                    0                    0
108 1    0.333366116231218    0.833331894196817    0.833331894196817 -2.81968227272208e-06 -4.00013055769366e-08 -2.8285100307085e-08                    0                    0                    0
109 1    0.333701281655067    0.832525698582799    0.500071738106953 2.24240764845618e-13 2.57213840199402e-06 1.65379091350386e-06                    0                    0                    0
110 1 0.000385027571724095    0.666538324142721    0.666538324142721 2.63560227453663e-06 -1.52166598954562e-06 -1.07598028620259e-06                    0                    0                    0
111 1 0.000188534618587255    0.666650581813315    0.833160398831751 6.00229915770356e-09 -5.55177751493385e-07 -3.12663218990372e-06                    0                    0                    0
112 1                    0    0.833308327425243                    0 -8.31178885246642e-07 -1.43964445256661e-06 -6.23667784083182e-13                    0                    0                    0
113 1                    0    0.833308327425243    0.166691672574757 2.07833750209829e-13 -9.59763088947962e-07 1.35731012149143e-06                    0                    0                    0
114 1 -2.99046249097046e-05    0.833331894196817    0.333366116231105 1.44448341488079e-06 -8.33972716773879e-07 -2.27397583996147e-06                    0                    0                    0
115 1 0.000188534618587255    0.833160398831751    0.500000484736347 4.83799426409526e-07 -2.85702079086403e-06 1.29902324175202e-06                    0                    0                    0
116 1 0.000188534618587255    0.833160398831751    0.666650581813315 6.00234795200549e-09 -3.13287693964881e-06 5.18784218417334e-07                    0                    0                    0
117 1 -2.99046248528612e-05    0.833331894196817    0.833331894196817  2.8196821031945e-06 -4.00013021595313e-08 -2.82847229388095e-08                    0                    0                    0
118 1    0.166691672574757                    0                    0 1.66235836779327e-06 1.70474745431193e-13 -3.23185922468383e-13                    0                    0                    0
119 1    0.166668105803183 2.99046248528612e-05    0.166668105803069 -1.3751991710248e-06 -2.46191719405209e-06 2.82853253041893e-08                    0                    0                    0
120 1    0.166839601168249 -0.000188534618587255    0.333349418186685  2.7101497662857e-06 -1.57163713254693e-06 -5.18784310676867e-07                    0                    0                    0
121 1    0.166839601168249 -0.000188534618587255    0.499999515263539 2.23235306473502e-06 -1.8474930614798e-06 -1.2990228116655e-06                    0                    0                    0
122 1    0.166668105803183 2.99046248528612e-05    0.666633883768782 -2.77916578639292e-13 -1.66794584484375e-06 2.27397536772811e-06                    0                    0                    0
123 1    0.166691672574757                    0    0.833308327425243 8.31178967652946e-07 -4.79881267917426e-07 -1.35730895177433e-06                    0                    0                    0
124 1    0.166668105803183    0.166668105803069 2.99046248528612e-05 -1.37519897139282e-06 -7.93971545287597e-07 -2.33054638182351e-06                    0                    0                    0
125 1     0.16667558994061     0.16667558994061     0.16667558994061 -4.66555798088464e-06 -2.69366145616567e-06 -1.90470633376627e-06                    0                    0                    0
126 1    0.166643943616691    0.166643943616691    0.333356056383309 1.22921048362201e-06  7.0968462090315e-07 -1.00364613303539e-06                    0                    0                    0
127 1     0.16667558994061     0.16667558994061    0.499973230178171 1.71307412699662e-13 2.34090524742214e-13 5.71411871136407e-06                    0                    0                    0
128 1    0.166668105803183    0.166668105803069    0.666633883768782 1.44448348902981e-06 8.33973222508222e-07  2.2739750533407e-06                    0                    0                    0
129 1    0.166633224835664     0.16663322483555    0.833366775164336 -4.80468615227103e-07 -2.77398662984485e-07 3.92301788249005e-07                    0                    0                    0
130 1    0.166839601168249    0.333349418186685 -0.000188534618587255 2.71014927344382e-06 -1.01299360910634e-06 -1.30882564802759e-06                    0                    0                    0
131 1    0.166643943616691    0.333356056383309    0.166643943616691 1.22921030720757e-06 -7.09685187172404e-07 1.00364601698932e-06                    0                    0                    0
132 1    0.166643943616691    0.333356056383309    0.333356056383309 2.98677749199783e-13 -1.41936987407831e-06 -1.00364562083399e-06                    0                    0                    0
133 1 0.000188534618587255    0.666650581813315    0.500000484736347 2.71615242092293e-06 1.00952753290251e-06 1.29902377710156e-06                    0                    0                    0
134 1    0.166839601168249    0.333349418186685    0.499999515263539 2.71615253581714e-06 -1.00952770151763e-06 -1.2990227281906e-06                    0                    0                    0
135 1                    0    0.666622409833622    0.333377590166378 -2.59237076249974e-13 -3.34265005186296e-06 4.72722076799714e-06                    0                    0                    0
136 1                    0    0.666622409833622                    0 -2.8948198055323e-06 -5.01397516944335e-06 -7.7982065249671e-13                    0                    0                    0
137 1                    0                    0    0.166691672574757 8.31179333415921e-07 4.79881403947502e-07 1.35730991440708e-06                    0                    0                    0
138 1                    0                    0    0.333377590166378 2.89482000109809e-06 1.67132486281196e-06  4.7272209898197e-06                    0                    0                    0
139 1                    0                    0                  0.5 -2.08277839419679e-13 2.23099316798425e-13 2.26485497023532e-13                    0                    0                    0
140 1                    0                    0    0.666622409833622 -2.89481990028984e-06 -1.67132465744846e-06 -4.72722122396574e-06                    0                    0                    0
141 1                    0                    0    0.833308327425243 -8.31179170157625e-07 -4.79881268111715e-07 -1.35730935574285e-06                    0                    0                    0
142 1                    0    0.166691672574757                    0 8.31179402416282e-07 1.43964437815391e-06 -4.17277323805365e-13                    0                    0                    0
143 1  2.9904624966548e-05    0.166668105803069    0.166668105803069 -2.81968211474082e-06 4.00010791851146e-08 2.82853073740874e-08                    0                    0                    0
144 1 -0.000188534618530412    0.166839601168249    0.333349418186685 -6.00283456275719e-09 3.13287718861632e-06 -5.18784455061372e-07                    0                    0                    0
145 1 -0.000188534618530412    0.166839601168249    0.499999515263539 -4.83799605183188e-07 2.85702094382501e-06 -1.29902255907588e-06                    0                    0                    0
146 1  2.9904624966548e-05    0.166668105803069    0.666633883768782 -1.44448372624284e-06 8.33973134384269e-07 2.27397536475826e-06                    0                    0                    0
147 1                    0    0.166691672574757    0.833308327425243 -1.47881706880071e-13 9.59762873259384e-07 -1.35730939490597e-06                    0                    0                    0
148 1                    0    0.333377590166378                    0 2.89482012087033e-06 5.01397476421195e-06 -6.14397421827562e-13                    0                    0                    0
149 1 -0.000188534618530412    0.333349418186685    0.166839601168249 -6.00283733831475e-09 5.55177834205001e-07 3.12663317092454e-06                    0                    0                    0
150 1 -0.000385027571667251    0.333461675857166    0.333461675857166 -2.6356029374508e-06 1.52166562572553e-06 1.07598034393419e-06                    0                    0                    0
151 1 -0.000188534618530412    0.333349418186685    0.499999515263539 -2.71615224695099e-06 -1.00952752710159e-06 -1.29902230763812e-06                    0                    0                    0
152 1                    0    0.333377590166378    0.666622409833622 -1.57429624891847e-13 3.34265015439206e-06 -4.72722165348327e-06                    0                    0                    0
153 1 -2.99046248528612e-05    0.333366116231105    0.833331894196817 1.44448337373315e-06 -2.42191558302851e-06 -2.82848938160107e-08                    0                    0                    0
154 1                    0                  0.5                    0  -7.943645741193e-14 1.57152069135691e-13 -5.34808308749746e-13                    0                    0                    0
155 1 -0.000188534618530412    0.499999515263653    0.166839601168249 -4.83799813760268e-07 -2.72390749178619e-07  3.1266326358248e-06                    0                    0                    0
156 1 -0.000188534618530412    0.499999515263539    0.333349418186685 -2.71615236324685e-06 -1.56123951286502e-06 -5.18783656325295e-07                    0                    0                    0
157 1                    0                  0.5                  0.5 3.01203506580805e-13 -2.45192754988466e-13 4.49473791519495e-13                    0                    0                    0
158 1 0.000188534618587255    0.500000484736347    0.666650581813315 2.71615230256622e-06 1.56124025807447e-06 5.18783858524663e-07                    0                    0                    0
159 1 0.000188534618587255    0.500000484736347    0.833160398831751 4.83799459348455e-07 2.72390543620826e-07 -3.12663267926228e-06                    0                    0                    0
160 1  2.9904624966548e-05    0.666633883768782    0.166668105803069 -1.44448296154898e-06 2.42191614735487e-06 2.82854259459064e-08                    0                    0                    0
161 1    0.333226279093196    0.833294860379397    0.666773720906804 3.84221195393573e-06 -3.42509620450404e-07 -4.94792080094498e-06                    0                    0                    0
162 1    0.166705139620603    0.333226279093196    0.666773720906804 -1.62448443324914e-06 3.49870797000662e-06 -4.94792067426419e-06                    0                    0                    0
163 1    0.166839601168249    0.499999515263539 -0.000188534618587255 2.23235287555995e-06 -1.84056149515888e-06 -1.30882578625036e-06                    0                    0                    0
164 1    0.333226279093196    0.166705139620603    0.666773720906804 2.21772783446164e-06 -3.15619851234267e-06 -4.94792088150467e-06                    0                    0                    0
165 1    0.333226279093196    0.166705139620603    0.833294860379397  6.0599396982039e-06 -9.37896489305867e-07 1.32638629922466e-06                    0                    0                    0
166 1    0.333461675857279    0.333461675857166 -0.000385027571667251 1.16184839527023e-13 -3.70606323407685e-14 -3.22794064425494e-06                    0                    0                    0
167 1    0.333356056383309    0.333356056383309    0.166643943616691 -1.22920987939701e-06 -7.09684739891303e-07 1.00364581877288e-06                    0                    0                    0
168 1    0.333461675857279    0.333461675857166    0.333461675857166 2.63560284072262e-06 1.52166604678455e-06 1.07598034784079e-06                    0                    0                    0
169 1    0.333701281655067    0.333701281655067    0.500071738106953 -2.22753759733865e-06 -1.2860694206026e-06  1.6537907583259e-06                    0                    0                    0
170 1    0.333758180860059    0.333758180859945    0.666241819139941 -1.25167087750705e-06 -7.22652522912315e-07 1.02198461790839e-06                    0                    0                    0
171 1    0.333701281655067    0.333701281655067    0.832525698582799 -2.09282664750954e-06 -1.20829416221102e-06 1.87377170168812e-06                    0                    0                    0
172 1    0.333349418186799    0.499999515263653 -0.000188534618587255 -2.23235279786516e-06 -1.84056167233659e-06 -1.3088252769633e-06                    0                    0                    0
173 1    0.333349418186799    0.499999515263653    0.166839601168249 4.83799453748768e-07 -2.72390860422966e-07 3.12663269957242e-06                    0                    0                    0
174 1    0.333701281655067    0.500071738106953    0.333701281655067 -2.22753740029835e-06 1.13051891883174e-06 -1.76378093410395e-06                    0                    0                    0
175 1    0.335286548333102                  0.5                  0.5 -4.10654741406918e-06 3.06921155157625e-13 1.34517397221146e-13                    0                    0                    0
176 1    0.335286548333102                  0.5    0.664713451667012 -2.05327359828478e-06  1.1854580406756e-06 3.35298161594985e-06                    0                    0                    0
177 1    0.333701281655067    0.500071738106953    0.832525698582799 6.43651798526435e-14 2.41658809501093e-06 1.87377192951282e-06                    0                    0                    0
178 1    0.333377590166378    0.666622409833622                    0 2.89481964103888e-06 -5.01397534543452e-06 -2.19844975557493e-13                    0                    0                    0
179 1    0.333226279093196    0.666773720906804    0.166705139620603  2.2177278842378e-06 -5.71701008860934e-06 -1.32638542415728e-06                    0                    0                    0
180 1    0.333758180860059    0.666241819139941    0.333758180859945 -1.25167057238307e-06 7.22652773871291e-07 -1.02198465114223e-06                    0                    0                    0
181 1    0.335286548333102    0.664713451667012                  0.5 -2.05327373981046e-06 3.55637422436855e-06 -3.42524619778573e-13                    0                    0                    0
182 1    0.333758180860059    0.666241819139941    0.666241819139941 -6.41570130355262e-14 1.44530543064528e-06 1.02198460594748e-06                    0                    0                    0
183 1    0.333226279093196    0.666773720906804    0.833294860379397 3.84221187920298e-06 -4.77911341542538e-06 1.32638592116596e-06                    0                    0                    0
184 1    0.333366116231218    0.833331894196817 -2.99046249097046e-05  -1.375198729614e-06  7.9397201984549e-07 2.33054561751822e-06                    0                    0                    0
185 1    0.333226279093196    0.833294860379397    0.166705139620603  6.0599395429739e-06 9.37896491637336e-07 -1.32638536498586e-06                    0                    0                    0
186 1    0.333701281655067    0.832525698582799    0.333701281655067 -2.09282676075229e-06 1.36384410672624e-06 -1.76378100774643e-06                    0                    0                    0
187 1    0.333349418186799    0.166839601168249    0.499999515263539  4.8379989675551e-07 2.85702127825194e-06 -1.29902266025189e-06                    0                    0                    0
188 1    0.166705139620603    0.333226279093196    0.833294860379397 2.21772762606931e-06 5.71701019660975e-06 1.32638631164528e-06                    0                    0                    0
189 1    0.333356056383309    0.166643943616691    0.333356056383309 -1.22921044287683e-06 7.09684720032189e-07 -1.00364609451065e-06                    0                    0                    0
190 1    0.333349418186799    0.166839601168249 -0.000188534618587255 4.77796877867975e-07 2.85355463960912e-06 -1.30882516663489e-06                    0                    0                    0
191 1     0.16667558994061    0.499973230178171     0.16667558994061 5.38021016627255e-13 5.38732249960594e-06 -1.90470663424813e-06                    0                    0                    0
192 1    0.166839601168249    0.499999515263539    0.333349418186685 2.71615271588144e-06 -1.56124011058134e-06 -5.18783832795244e-07                    0                    0                    0
193 1    0.166754631072536                  0.5                  0.5 -1.79232653718664e-06 -1.49713574870702e-13 2.51618170743484e-13                    0                    0                    0
194 1    0.167474301417201    0.499928261893047    0.666298718344933 -2.22753746789706e-06 -1.13051877220771e-06 1.76378107363817e-06                    0                    0                    0
195 1    0.166754631072536                  0.5    0.833245368927464 -8.96163507263514e-07 5.17400041054328e-07 1.46342856835457e-06                    0                    0                    0
196 1    0.166668105803183    0.666633883768782 2.99046248528612e-05 -9.53404022396853e-14 1.58794294068121e-06 -2.33054632237106e-06                    0                    0                    0
197 1    0.166668105803183    0.666633883768782    0.166668105803069 1.44448306715894e-06 2.42191592481067e-06 2.82853027111507e-08                    0                    0                    0
198 1    0.166705139620603    0.666773720906804    0.333226279093196 -1.62448400076176e-06 -3.49870791144236e-06  4.9479202643421e-06                    0                    0                    0
199 1    0.167474301417201    0.666298718344933    0.499928261893047 -2.22753705148016e-06 1.28606922039642e-06 -1.65379056954462e-06                    0                    0                    0
200 1    0.167474301417201    0.666298718344933    0.666298718344933 -1.34710627736068e-07 2.49436328828012e-06 1.76378093089125e-06                    0                    0                    0
201 1    0.166705139620603    0.666773720906804    0.833294860379397 -3.84221211852109e-06 -4.77911358237604e-06 1.32638628835835e-06                    0                    0                    0
202 1    0.166691672574757    0.833308327425243                    0 8.31178967541923e-07 -1.43964415560971e-06 -3.49970052937465e-13                    0                    0                    0
203 1    0.166633224835664    0.833366775164336     0.16663322483555 -4.80468773100817e-07  2.7739914348901e-07 -3.92300916474131e-07                    0                    0                    0
204 1    0.166705139620603    0.833294860379397    0.333226279093196 2.21772810861387e-06 3.15619851770643e-06 4.94792010241607e-06                    0                    0                    0
205 1    0.166754631072536    0.833245368927464                  0.5 -8.96163067101718e-07 1.55219969780185e-06 -2.19491091968393e-13                    0                    0                    0
206 1    0.166705139620603    0.833294860379397    0.666773720906804 -3.84221160959486e-06 -3.42509336337393e-07 -4.94792051602966e-06                    0                    0                    0
207 1    0.166633224835664    0.833366775164336    0.833366775164336 3.75255382323303e-14 5.54797628754544e-07 3.92301395035766e-07                    0                    0                    0
208 1    0.333377590166378                    0                    0 5.78963979877556e-06 8.61116733474887e-14 -4.8093473647981e-13                    0                    0                    0
209 1    0.333349418186799 -0.000188534618587255    0.166839601168249 4.77797439640826e-07 -2.82787039951327e-07 3.12663258707213e-06                    0                    0                    0
210 1    0.333461675857279 -0.000385027571667251    0.333461675857166 1.67043462395711e-13 -3.0433319100371e-06 1.07597972751061e-06                    0                    0                    0
211 1    0.333349418186799 -0.000188534618587255    0.499999515263539 -2.2323528043669e-06 -1.84749339515733e-06 -1.29902278340338e-06                    0                    0                    0
212 1    0.333377590166378                    0    0.666622409833622 2.89482007304054e-06 -1.67132513165247e-06 -4.72722160880026e-06                    0                    0                    0
213 1    0.333366116231218 -2.99046249097046e-05    0.833331894196817 -1.37519881757836e-06 2.46191727329773e-06 -2.82844457629577e-08                    0                    0                    0
214 1    0.333356056383309    0.166643943616691    0.166643943616691 1.18995091558105e-13 1.41936899427861e-06 1.00364596255891e-06                    0                    0                    0
215 1     0.83332441005939     0.83332441005939     0.83332441005939 4.66555797601353e-06 2.69366122768178e-06  1.9047068829936e-06                    0                    0                    0
