damp  0.01
atol  1.0e-6
maxiter  100000
Converged after 37 iterations.
relative RMS error  0.00026807606139437565
┌───────────────────┬─────────┬──────────┬─────────┐
│              Type │ E [meV] │ F [eV/A] │ V [meV] │
├───────────────────┼─────────┼──────────┼─────────┤
│   bulk_vac_images │   0.175 │    0.009 │   0.000 │
│          bulk_vac │   0.096 │    0.010 │   0.000 │
│           bulk_Cu │   0.115 │    0.000 │   0.000 │
│     isolated_atom │   0.000 │    0.000 │   0.000 │
│ fcc11_3_3_3_vac10 │   5.031 │    0.025 │   0.000 │
│ fcc11_2_2_2_vac10 │  33.826 │    0.071 │   0.000 │
│ fcc11_4_4_4_vac10 │   0.464 │    0.015 │   0.000 │
│ fcc11_5_5_5_vac10 │   0.710 │    0.015 │   0.000 │
│         twist_001 │   0.011 │    0.012 │   0.000 │
│       tilt_GB_140 │   0.186 │    0.016 │   0.000 │
│       tilt_GB_130 │   0.696 │    0.021 │   0.000 │
│       tilt_GB_120 │   0.166 │    0.009 │   0.000 │
├───────────────────┼─────────┼──────────┼─────────┤
│               set │   8.066 │    0.013 │   0.000 │
└───────────────────┴─────────┴──────────┴─────────┘
┌───────────────────┬─────────┬──────────┬─────────┐
│              Type │ E [meV] │ F [eV/A] │ V [meV] │
├───────────────────┼─────────┼──────────┼─────────┤
│   bulk_vac_images │   0.168 │    0.005 │   0.000 │
│          bulk_vac │   0.096 │    0.006 │   0.000 │
│           bulk_Cu │   0.115 │    0.000 │   0.000 │
│     isolated_atom │   0.000 │    0.000 │   0.000 │
│ fcc11_3_3_3_vac10 │   5.031 │    0.012 │   0.000 │
│ fcc11_2_2_2_vac10 │  33.826 │    0.041 │   0.000 │
│ fcc11_4_4_4_vac10 │   0.464 │    0.008 │   0.000 │
│ fcc11_5_5_5_vac10 │   0.710 │    0.006 │   0.000 │
│         twist_001 │   0.011 │    0.010 │   0.000 │
│       tilt_GB_140 │   0.186 │    0.006 │   0.000 │
│       tilt_GB_130 │   0.696 │    0.009 │   0.000 │
│       tilt_GB_120 │   0.166 │    0.004 │   0.000 │
├───────────────────┼─────────┼──────────┼─────────┤
│               set │   2.360 │    0.007 │   0.000 │
└───────────────────┴─────────┴──────────┴─────────┘
